[debug] > Exec(test, None, None)
[debug] Evaluating tasks: Test / test
[debug] Running task... Cancel: Signal, check cycles: false, forcegc: true
[info] downloading https://repo1.maven.org/maven2/org/apache/spark/spark-core-2.11_2.11/2.0.2/spark-core-2.11_2.11-2.0.2.pom
[info] downloading https://repo1.maven.org/maven2/org/scalatest/scalatest_2.11/3.2.17/scalatest_2.11-3.2.17.pom
[info] downloaded https://repo1.maven.org/maven2/org/scalatest/scalatest_2.11/3.2.17/scalatest_2.11-3.2.17.pom
[info] downloaded https://repo1.maven.org/maven2/org/apache/spark/spark-core-2.11_2.11/2.0.2/spark-core-2.11_2.11-2.0.2.pom
[info] downloading https://repo1.maven.org/maven2/org/apache/spark/spark-core-2.11_2.11/2.0.2/spark-core-2.11_2.11-2.0.2.pom.sha1
[info] downloaded https://repo1.maven.org/maven2/org/apache/spark/spark-core-2.11_2.11/2.0.2/spark-core-2.11_2.11-2.0.2.pom.sha1
[info] downloading https://repo1.maven.org/maven2/org/scalatest/scalatest-freespec_2.11/3.2.17/scalatest-freespec_2.11-3.2.17.pom
[info] downloading https://repo1.maven.org/maven2/org/scalatest/scalatest-featurespec_2.11/3.2.17/scalatest-featurespec_2.11-3.2.17.pom
[info] downloading https://repo1.maven.org/maven2/org/scalatest/scalatest-funspec_2.11/3.2.17/scalatest-funspec_2.11-3.2.17.pom
[info] downloading https://repo1.maven.org/maven2/org/scalatest/scalatest-wordspec_2.11/3.2.17/scalatest-wordspec_2.11-3.2.17.pom
[info] downloading https://repo1.maven.org/maven2/org/scalatest/scalatest-mustmatchers_2.11/3.2.17/scalatest-mustmatchers_2.11-3.2.17.pom
[info] downloading https://repo1.maven.org/maven2/org/scalatest/scalatest-funsuite_2.11/3.2.17/scalatest-funsuite_2.11-3.2.17.pom
[info] downloaded https://repo1.maven.org/maven2/org/scalatest/scalatest-freespec_2.11/3.2.17/scalatest-freespec_2.11-3.2.17.pom
[info] downloading https://repo1.maven.org/maven2/org/scalatest/scalatest-shouldmatchers_2.11/3.2.17/scalatest-shouldmatchers_2.11-3.2.17.pom
[info] downloaded https://repo1.maven.org/maven2/org/scalatest/scalatest-featurespec_2.11/3.2.17/scalatest-featurespec_2.11-3.2.17.pom
[info] downloading https://repo1.maven.org/maven2/org/scalatest/scalatest-refspec_2.11/3.2.17/scalatest-refspec_2.11-3.2.17.pom
[info] downloaded https://repo1.maven.org/maven2/org/scalatest/scalatest-mustmatchers_2.11/3.2.17/scalatest-mustmatchers_2.11-3.2.17.pom
[info] downloaded https://repo1.maven.org/maven2/org/scalatest/scalatest-wordspec_2.11/3.2.17/scalatest-wordspec_2.11-3.2.17.pom
[info] downloaded https://repo1.maven.org/maven2/org/scalatest/scalatest-funsuite_2.11/3.2.17/scalatest-funsuite_2.11-3.2.17.pom
[info] downloading https://repo1.maven.org/maven2/org/scalatest/scalatest-flatspec_2.11/3.2.17/scalatest-flatspec_2.11-3.2.17.pom
[info] downloading https://repo1.maven.org/maven2/org/scalatest/scalatest-propspec_2.11/3.2.17/scalatest-propspec_2.11-3.2.17.pom
[info] downloaded https://repo1.maven.org/maven2/org/scalatest/scalatest-funspec_2.11/3.2.17/scalatest-funspec_2.11-3.2.17.pom
[info] downloaded https://repo1.maven.org/maven2/org/scalatest/scalatest-shouldmatchers_2.11/3.2.17/scalatest-shouldmatchers_2.11-3.2.17.pom
[info] downloading https://repo1.maven.org/maven2/org/scalatest/scalatest-matchers-core_2.11/3.2.17/scalatest-matchers-core_2.11-3.2.17.pom
[info] downloading https://repo1.maven.org/maven2/org/scalatest/scalatest-diagrams_2.11/3.2.17/scalatest-diagrams_2.11-3.2.17.pom
[info] downloading https://repo1.maven.org/maven2/org/scalatest/scalatest-core_2.11/3.2.17/scalatest-core_2.11-3.2.17.pom
[info] downloaded https://repo1.maven.org/maven2/org/scalatest/scalatest-refspec_2.11/3.2.17/scalatest-refspec_2.11-3.2.17.pom
[info] downloaded https://repo1.maven.org/maven2/org/scalatest/scalatest-propspec_2.11/3.2.17/scalatest-propspec_2.11-3.2.17.pom
[info] downloaded https://repo1.maven.org/maven2/org/scalatest/scalatest-flatspec_2.11/3.2.17/scalatest-flatspec_2.11-3.2.17.pom
[info] downloaded https://repo1.maven.org/maven2/org/scalatest/scalatest-matchers-core_2.11/3.2.17/scalatest-matchers-core_2.11-3.2.17.pom
[info] downloaded https://repo1.maven.org/maven2/org/scalatest/scalatest-diagrams_2.11/3.2.17/scalatest-diagrams_2.11-3.2.17.pom
[info] downloaded https://repo1.maven.org/maven2/org/scalatest/scalatest-core_2.11/3.2.17/scalatest-core_2.11-3.2.17.pom
[info] downloading https://repo1.maven.org/maven2/org/scala-lang/modules/scala-xml_2.11/1.3.0/scala-xml_2.11-1.3.0.pom
[info] downloading https://repo1.maven.org/maven2/org/scalatest/scalatest-compatible/3.2.17/scalatest-compatible-3.2.17.pom
[info] downloading https://repo1.maven.org/maven2/org/scalactic/scalactic_2.11/3.2.17/scalactic_2.11-3.2.17.pom
[info] downloaded https://repo1.maven.org/maven2/org/scala-lang/modules/scala-xml_2.11/1.3.0/scala-xml_2.11-1.3.0.pom
[info] downloaded https://repo1.maven.org/maven2/org/scalatest/scalatest-compatible/3.2.17/scalatest-compatible-3.2.17.pom
[info] downloaded https://repo1.maven.org/maven2/org/scalactic/scalactic_2.11/3.2.17/scalactic_2.11-3.2.17.pom
[warn] 
[warn] 	Note: Unresolved dependencies path:
[error] sbt.librarymanagement.ResolveException: Error downloading org.apache.spark:spark-core-2.11_2.11:2.0.2
[error]   Not found
[error]   Not found
[error]   not found: C:\Users\bijum\.ivy2\localorg.apache.spark\spark-core-2.11_2.11\2.0.2\ivys\ivy.xml
[error]   not found: https://repo1.maven.org/maven2/org/apache/spark/spark-core-2.11_2.11/2.0.2/spark-core-2.11_2.11-2.0.2.pom
[error] 	at lmcoursier.CoursierDependencyResolution.unresolvedWarningOrThrow(CoursierDependencyResolution.scala:346)
[error] 	at lmcoursier.CoursierDependencyResolution.$anonfun$update$39(CoursierDependencyResolution.scala:315)
[error] 	at scala.util.Either$LeftProjection.map(Either.scala:573)
[error] 	at lmcoursier.CoursierDependencyResolution.update(CoursierDependencyResolution.scala:315)
[error] 	at sbt.librarymanagement.DependencyResolution.update(DependencyResolution.scala:60)
[error] 	at sbt.internal.LibraryManagement$.resolve$1(LibraryManagement.scala:60)
[error] 	at sbt.internal.LibraryManagement$.$anonfun$cachedUpdate$12(LibraryManagement.scala:142)
[error] 	at sbt.util.Tracked$.$anonfun$lastOutput$1(Tracked.scala:74)
[error] 	at sbt.internal.LibraryManagement$.$anonfun$cachedUpdate$11(LibraryManagement.scala:144)
[error] 	at sbt.internal.LibraryManagement$.$anonfun$cachedUpdate$11$adapted(LibraryManagement.scala:131)
[error] 	at sbt.util.Tracked$.$anonfun$inputChangedW$1(Tracked.scala:220)
[error] 	at sbt.internal.LibraryManagement$.cachedUpdate(LibraryManagement.scala:169)
[error] 	at sbt.Classpaths$.$anonfun$updateTask0$1(Defaults.scala:3888)
[error] 	at scala.Function1.$anonfun$compose$1(Function1.scala:49)
[error] 	at sbt.internal.util.$tilde$greater.$anonfun$$u2219$1(TypeFunctions.scala:63)
[error] 	at sbt.std.Transform$$anon$4.work(Transform.scala:69)
[error] 	at sbt.Execute.$anonfun$submit$2(Execute.scala:283)
[error] 	at sbt.internal.util.ErrorHandling$.wideConvert(ErrorHandling.scala:24)
[error] 	at sbt.Execute.work(Execute.scala:292)
[error] 	at sbt.Execute.$anonfun$submit$1(Execute.scala:283)
[error] 	at sbt.ConcurrentRestrictions$$anon$4.$anonfun$submitValid$1(ConcurrentRestrictions.scala:265)
[error] 	at sbt.CompletionService$$anon$2.call(CompletionService.scala:65)
[error] 	at java.util.concurrent.FutureTask.run(FutureTask.java:266)
[error] 	at java.util.concurrent.Executors$RunnableAdapter.call(Executors.java:511)
[error] 	at java.util.concurrent.FutureTask.run(FutureTask.java:266)
[error] 	at java.util.concurrent.ThreadPoolExecutor.runWorker(ThreadPoolExecutor.java:1149)
[error] 	at java.util.concurrent.ThreadPoolExecutor$Worker.run(ThreadPoolExecutor.java:624)
[error] 	at java.lang.Thread.run(Thread.java:748)
[error] (update) sbt.librarymanagement.ResolveException: Error downloading org.apache.spark:spark-core-2.11_2.11:2.0.2
[error]   Not found
[error]   Not found
[error]   not found: C:\Users\bijum\.ivy2\localorg.apache.spark\spark-core-2.11_2.11\2.0.2\ivys\ivy.xml
[error]   not found: https://repo1.maven.org/maven2/org/apache/spark/spark-core-2.11_2.11/2.0.2/spark-core-2.11_2.11-2.0.2.pom
[error] Total time: 1 s, completed Oct 30, 2024 3:57:22 PM
[debug] > Exec(idea-shell, None, None)
